[debug] [2023-02-14T18:57:13.858Z] ----------------------------------------------------------------------
[debug] [2023-02-14T18:57:13.862Z] Command:       /home/tchisama/.nvm/versions/node/v16.19.0/bin/node /usr/local/bin/firebase init
[debug] [2023-02-14T18:57:13.862Z] CLI Version:   11.22.0
[debug] [2023-02-14T18:57:13.863Z] Platform:      linux
[debug] [2023-02-14T18:57:13.863Z] Node Version:  v16.19.0
[debug] [2023-02-14T18:57:13.918Z] Time:          Tue Feb 14 2023 13:57:13 GMT-0500 (Eastern Standard Time)
[debug] [2023-02-14T18:57:13.918Z] ----------------------------------------------------------------------
[debug] 
[debug] [2023-02-14T18:57:14.080Z] > command requires scopes: ["email","openid","https://www.googleapis.com/auth/cloudplatformprojects.readonly","https://www.googleapis.com/auth/firebase","https://www.googleapis.com/auth/cloud-platform"]
[debug] [2023-02-14T18:57:14.081Z] > authorizing via signed-in user (aitalhamdiabdelaali@gmail.com)
[info] 
     ######## #### ########  ######## ########     ###     ######  ########
     ##        ##  ##     ## ##       ##     ##  ##   ##  ##       ##
     ######    ##  ########  ######   ########  #########  ######  ######
     ##        ##  ##    ##  ##       ##     ## ##     ##       ## ##
     ##       #### ##     ## ######## ########  ##     ##  ######  ########

You're about to initialize a Firebase project in this directory:

  /home/tchisama/work/gofty

Before we get started, keep in mind:

  * You are initializing within an existing Firebase project directory

[info] 
=== Project Setup
[info] 
[info] First, let's associate this project directory with a Firebase project.
[info] You can create multiple project aliases by running firebase use --add, 
[info] but for now we'll just set up a default project.
[info] 
[debug] [2023-02-14T18:57:45.033Z] Using project from CLI flag: gofty-d3425
[debug] [2023-02-14T18:57:45.055Z] > refreshing access token with scopes: []
[debug] [2023-02-14T18:57:45.058Z] >>> [apiv2][query] POST https://www.googleapis.com/oauth2/v3/token [none]
[debug] [2023-02-14T18:57:45.058Z] >>> [apiv2][body] POST https://www.googleapis.com/oauth2/v3/token [omitted]
[debug] [2023-02-14T18:57:45.373Z] <<< [apiv2][status] POST https://www.googleapis.com/oauth2/v3/token 200
[debug] [2023-02-14T18:57:45.373Z] <<< [apiv2][body] POST https://www.googleapis.com/oauth2/v3/token [omitted]
[debug] [2023-02-14T18:57:45.471Z] >>> [apiv2][query] GET https://firebase.googleapis.com/v1beta1/projects/gofty-d3425 [none]
[debug] [2023-02-14T18:57:45.821Z] <<< [apiv2][status] GET https://firebase.googleapis.com/v1beta1/projects/gofty-d3425 200
[debug] [2023-02-14T18:57:45.821Z] <<< [apiv2][body] GET https://firebase.googleapis.com/v1beta1/projects/gofty-d3425 {"projectId":"gofty-d3425","projectNumber":"463776727070","displayName":"gofty","name":"projects/gofty-d3425","resources":{"hostingSite":"gofty-d3425"},"state":"ACTIVE","etag":"1_76b0794a-4a13-47a0-b74b-7d4172350413"}
[info] i  Using project gofty-d3425 (gofty) 
[info] 
=== Hosting Setup
[info] 
[info] Your public directory is the folder (relative to your project directory) that
[info] will contain Hosting assets to be uploaded with firebase deploy. If you
[info] have a build process for your assets, use your build's output directory.
[info] 
